<?xml version="1.0" encoding="UTF-8"?>
<testng-results ignored="0" total="1" passed="1" failed="0" skipped="0">
  <reporter-output>
  </reporter-output>
  <suite started-at="2022-12-24T00:19:34 IST" name="Default suite" finished-at="2022-12-24T00:19:51 IST" duration-ms="16909">
    <groups>
    </groups>
    <test started-at="2022-12-24T00:19:34 IST" name="Default test" finished-at="2022-12-24T00:19:51 IST" duration-ms="16909">
      <class name="day11.RadioButton">
        <test-method signature="radiobutton()[pri:0, instance:day11.RadioButton@1bb266b3]" started-at="2022-12-24T00:19:34 IST" name="radiobutton" finished-at="2022-12-24T00:19:51 IST" duration-ms="16855" status="PASS">
          <reporter-output>
          </reporter-output>
        </test-method> <!-- radiobutton -->
      </class> <!-- day11.RadioButton -->
    </test> <!-- Default test -->
  </suite> <!-- Default suite -->
</testng-results>
