<?xml version="1.0" encoding="UTF-8"?>
<testng-results ignored="0" total="1" passed="1" failed="0" skipped="0">
  <reporter-output>
  </reporter-output>
  <suite started-at="2022-12-21T19:36:04 IST" name="Default suite" finished-at="2022-12-21T19:36:09 IST" duration-ms="5430">
    <groups>
    </groups>
    <test started-at="2022-12-21T19:36:04 IST" name="Default test" finished-at="2022-12-21T19:36:09 IST" duration-ms="5430">
      <class name="day9.Annotation">
        <test-method is-config="true" signature="beforeSuite()[pri:0, instance:day9.Annotation@10163d6]" started-at="2022-12-21T19:36:02 IST" name="beforeSuite" finished-at="2022-12-21T19:36:04 IST" duration-ms="1400" status="PASS">
          <reporter-output>
          </reporter-output>
        </test-method> <!-- beforeSuite -->
        <test-method is-config="true" signature="beforeTest()[pri:0, instance:day9.Annotation@10163d6]" started-at="2022-12-21T19:36:04 IST" name="beforeTest" finished-at="2022-12-21T19:36:05 IST" duration-ms="1951" status="PASS">
          <reporter-output>
          </reporter-output>
        </test-method> <!-- beforeTest -->
        <test-method is-config="true" signature="beforeClass()[pri:0, instance:day9.Annotation@10163d6]" started-at="2022-12-21T19:36:05 IST" name="beforeClass" finished-at="2022-12-21T19:36:06 IST" duration-ms="156" status="PASS">
          <reporter-output>
          </reporter-output>
        </test-method> <!-- beforeClass -->
        <test-method is-config="true" signature="beforeMethod()[pri:0, instance:day9.Annotation@10163d6]" started-at="2022-12-21T19:36:06 IST" name="beforeMethod" finished-at="2022-12-21T19:36:08 IST" duration-ms="2087" status="PASS">
          <reporter-output>
          </reporter-output>
        </test-method> <!-- beforeMethod -->
        <test-method signature="function()[pri:0, instance:day9.Annotation@10163d6]" started-at="2022-12-21T19:36:08 IST" name="function" finished-at="2022-12-21T19:36:08 IST" duration-ms="150" status="PASS">
          <reporter-output>
          </reporter-output>
        </test-method> <!-- function -->
        <test-method is-config="true" signature="afterMethod()[pri:0, instance:day9.Annotation@10163d6]" started-at="2022-12-21T19:36:08 IST" name="afterMethod" finished-at="2022-12-21T19:36:09 IST" duration-ms="749" status="PASS">
          <reporter-output>
          </reporter-output>
        </test-method> <!-- afterMethod -->
        <test-method is-config="true" signature="afterClass()[pri:0, instance:day9.Annotation@10163d6]" started-at="2022-12-21T19:36:09 IST" name="afterClass" finished-at="2022-12-21T19:36:09 IST" duration-ms="275" status="PASS">
          <reporter-output>
          </reporter-output>
        </test-method> <!-- afterClass -->
        <test-method is-config="true" signature="afterTest()[pri:0, instance:day9.Annotation@10163d6]" started-at="2022-12-21T19:36:09 IST" name="afterTest" finished-at="2022-12-21T19:36:09 IST" duration-ms="26" status="PASS">
          <reporter-output>
          </reporter-output>
        </test-method> <!-- afterTest -->
        <test-method is-config="true" signature="afterSuite()[pri:0, instance:day9.Annotation@10163d6]" started-at="2022-12-21T19:36:09 IST" name="afterSuite" finished-at="2022-12-21T19:36:09 IST" duration-ms="154" status="PASS">
          <reporter-output>
          </reporter-output>
        </test-method> <!-- afterSuite -->
      </class> <!-- day9.Annotation -->
    </test> <!-- Default test -->
  </suite> <!-- Default suite -->
</testng-results>
