<?xml version="1.0" encoding="UTF-8"?>
<!-- Generated by org.testng.reporters.JUnitXMLReporter -->
<testsuite ignored="1" hostname="hp" failures="0" tests="18" name="Test Cases" time="4.726" errors="0" timestamp="2022-12-22T12:08:48 IST">
  <testcase classname="day8.Dependson" name="Addition" time="0.003"/>
  <testcase classname="day8.Dependson" name="Multiplication" time="0.001"/>
  <testcase classname="day8.Dependson" name="Subtraction" time="0.001"/>
  <testcase classname="day8.Order_of_Execution" name="Start" time="0.0"/>
  <testcase classname="day8.Order_of_Execution" name="First" time="0.001"/>
  <testcase classname="day8.Order_of_Execution" name="Second" time="0.001"/>
  <testcase classname="day8.Order_of_Execution" name="Third" time="0.0"/>
  <testcase classname="day8.Order_of_Execution" name="Fourth" time="0.0"/>
  <testcase classname="day8.Skip_Test" name="Add" time="0.001"/>
  <testcase classname="day8.Skip_Test" name="Subtract" time="0.001"/>
  <testcase classname="day8.Skip_Test" name="Multipli" time="0.0"/>
  <testcase classname="day8.Skip_Test" name="Divide" time="0.0"/>
  <testcase classname="day8.Suit" name="Google" time="1.763"/>
  <testcase classname="day8.Suit" name="Yahoo" time="2.201"/>
  <testcase classname="day8.Suit" name="Bing" time="0.719"/>
  <testcase classname="day8.Testng" name="case0" time="0.0"/>
  <testcase classname="day8.Testng" name="case1" time="0.0"/>
  <testcase classname="day8.Testng" name="case2" time="0.001"/>
  <testcase classname="day8.Skip_Test" name="Modulo" time="0.0">
    <ignored/>
  </testcase> <!-- Modulo -->
</testsuite> <!-- Test Cases -->
