<?xml version="1.0" encoding="UTF-8"?>
<!-- Generated by org.testng.reporters.JUnitXMLReporter -->
<testsuite ignored="2" hostname="hp" failures="0" tests="4" name="Test Cases1" time="0.006" errors="0" timestamp="2022-12-22T12:09:02 IST">
  <testcase classname="day9.Calculator_function" name="Add" time="0.0"/>
  <testcase classname="day9.Calculator_function" name="Modulo" time="0.0"/>
  <testcase classname="day9.Calculator_function" name="MultipleFunction" time="0.001"/>
  <testcase classname="day9.Calculator_function" name="Subtract" time="0.0"/>
  <testcase classname="day9.Calculator_function" name="Multipli" time="0.0">
    <ignored/>
  </testcase> <!-- Multipli -->
  <testcase classname="day9.Calculator_function" name="Divide" time="0.0">
    <ignored/>
  </testcase> <!-- Divide -->
</testsuite> <!-- Test Cases1 -->
